<?xml version="1.0" encoding="UTF-8"?>
<!-- Generated by org.testng.reporters.JUnitReportReporter -->
<testsuite hostname="LAPTOP-GAUPM6CM" failures="0" tests="1" name="regression.LoginTest" time="11.708" errors="0" timestamp="2023-07-22T12:01:08 IST" skipped="0">
  <testcase classname="regression.LoginTest" name="loginTest" time="11.708"/>
  <system-out/>
</testsuite> <!-- regression.LoginTest -->
